05-03 19:42:44 place_footprints.action_place_footprints 414:Plugin executed on: 'win32'
05-03 19:42:44 place_footprints.action_place_footprints 415:Plugin executed with python version: '2.7.18 (default, Apr 20 2020, 16:57:11)  [GCC 9.3.0 64 bit (AMD64)]'
05-03 19:42:44 place_footprints.action_place_footprints 416:KiCad build version: (5.1.9)-1
05-03 19:42:44 place_footprints.action_place_footprints 417:Place footprints plugin version: 54 started
05-03 19:42:54 place_footprints.place_footprints 213:getting project hierarchy from schematics
05-03 19:42:54 place_footprints.place_footprints 228:getting a list of all footprints on board
05-03 19:43:00 place_footprints.place_footprints 254:construcing a list of sheets suitable for replication on level:u'IsolatorGroup_A', file:u'IsolatorGroup.sch'
05-03 19:43:00 place_footprints.place_footprints 287:suitable sheets are:[[u'SignalsToSlave', u'IsolatorGroup_B']]
05-03 19:43:05 place_footprints.place_footprints 254:construcing a list of sheets suitable for replication on level:u'RX', file:u'ISO1500.sch'
05-03 19:43:05 place_footprints.place_footprints 287:suitable sheets are:[[u'SignalsToSlave', u'IsolatorGroup_A', u'PTT_Main'], [u'SignalsToSlave', u'IsolatorGroup_A', u'PTT_Sub'], [u'SignalsToSlave', u'IsolatorGroup_A', u'TX'], [u'SignalsToSlave', u'IsolatorGroup_B', u'PTT_Main'], [u'SignalsToSlave', u'IsolatorGroup_B', u'PTT_Sub'], [u'SignalsToSlave', u'IsolatorGroup_B', u'RX'], [u'SignalsToSlave', u'IsolatorGroup_B', u'TX']]
05-03 19:43:09 place_footprints.place_footprints 254:construcing a list of sheets suitable for replication on level:u'SignalsToSlave', file:u'SignalsToSlave.sch'
05-03 19:43:09 place_footprints.place_footprints 287:suitable sheets are:[]
05-03 19:43:11 place_footprints.place_footprints 254:construcing a list of sheets suitable for replication on level:u'filter', file:u'filter.sch'
05-03 19:43:11 place_footprints.place_footprints 287:suitable sheets are:[[u'MasterInput', u'RS485Tranceiver1', u'sheet60920273'], [u'MasterInput', u'RS485Tranceiver2', u'sheet60920273'], [u'MasterInput', u'RS485Tranceiver3', u'sheet60920273'], [u'MasterInput', u'RS485Tranceiver4', u'sheet60920273'], [u'SignalsToSlave', u'IsolatorGroup_A', u'PTT_Main', u'filter'], [u'SignalsToSlave', u'IsolatorGroup_A', u'PTT_Sub', u'filter'], [u'SignalsToSlave', u'IsolatorGroup_A', u'TX', u'filter'], [u'SignalsToSlave', u'IsolatorGroup_B', u'PTT_Main', u'filter'], [u'SignalsToSlave', u'IsolatorGroup_B', u'PTT_Sub', u'filter'], [u'SignalsToSlave', u'IsolatorGroup_B', u'RX', u'filter'], [u'SignalsToSlave', u'IsolatorGroup_B', u'TX', u'filter']]
05-03 19:43:17 place_footprints.place_footprints 254:construcing a list of sheets suitable for replication on level:u'RX', file:u'ISO1500.sch'
05-03 19:43:17 place_footprints.place_footprints 287:suitable sheets are:[[u'SignalsToSlave', u'IsolatorGroup_A', u'PTT_Main'], [u'SignalsToSlave', u'IsolatorGroup_A', u'PTT_Sub'], [u'SignalsToSlave', u'IsolatorGroup_A', u'TX'], [u'SignalsToSlave', u'IsolatorGroup_B', u'PTT_Main'], [u'SignalsToSlave', u'IsolatorGroup_B', u'PTT_Sub'], [u'SignalsToSlave', u'IsolatorGroup_B', u'RX'], [u'SignalsToSlave', u'IsolatorGroup_B', u'TX']]
05-03 19:43:42 place_footprints.action_place_footprints 654:Modules to place: ['J13']
05-03 19:43:42 place_footprints.place_footprints 380:Starting placing with linear layout
05-03 19:43:42 place_footprints.action_place_footprints 696:Placing complete
05-03 19:43:42 place_footprints.action_place_footprints 697:Sorted_modules: ['J13']
