04-19 15:35:07 replicate_layout.action_replicate_layout 305:Plugin executed on: 'win32'
04-19 15:35:07 replicate_layout.action_replicate_layout 306:Plugin executed with python version: '2.7.18 (default, Apr 20 2020, 16:57:11)  [GCC 9.3.0 64 bit (AMD64)]'
04-19 15:35:07 replicate_layout.action_replicate_layout 307:KiCad build version: (5.1.9)-1
04-19 15:35:07 replicate_layout.action_replicate_layout 308:Replicate layout plugin version: 70 started
04-19 15:35:07 replicate_layout.action_replicate_layout 340:Preparing replicator with U5 as a reference
04-19 15:35:07 replicate_layout.replicatelayout 215:getting project hierarchy from schematics
04-19 15:35:07 replicate_layout.replicatelayout 217:Project hierarchy looks like:
{u'6083EA55': [u'SignalsToSlave', u'C:\\Users\\Soeren\\Google Drive\\Projekte\\AR2ISS_Isolator\\SignalsToSlave.sch'], u'6087803B': [u'PTT_Sub', u'C:\\Users\\Soeren\\Google Drive\\Projekte\\AR2ISS_Isolator\\ISO1500.sch'], u'6087202B': [u'TX', u'C:\\Users\\Soeren\\Google Drive\\Projekte\\AR2ISS_Isolator\\ISO1500.sch'], u'607938CE': [u'RS485Tranceiver2', u'C:\\Users\\Soeren\\Google Drive\\Projekte\\AR2ISS_Isolator\\RS485Tranceiver.sch'], u'608421E5': [u'IsolatorGroup_A', u'C:\\Users\\Soeren\\Google Drive\\Projekte\\AR2ISS_Isolator\\IsolatorGroup.sch'], u'60A3C1D7': [u'5V_Non_Iso_B', u'C:\\Users\\Soeren\\Google Drive\\Projekte\\AR2ISS_Isolator\\5V_Non_Iso.sch'], u'60A3C1C6': [u'5V_Non_Iso_A', u'C:\\Users\\Soeren\\Google Drive\\Projekte\\AR2ISS_Isolator\\5V_Non_Iso.sch'], u'6077B0D4': [u'RX', u'C:\\Users\\Soeren\\Google Drive\\Projekte\\AR2ISS_Isolator\\ISO1500.sch'], u'60727BD1': [u'RS485Tranceiver1', u'C:\\Users\\Soeren\\Google Drive\\Projekte\\AR2ISS_Isolator\\RS485Tranceiver.sch'], u'60795F15': [u'RS485Tranceiver3', u'C:\\Users\\Soeren\\Google Drive\\Projekte\\AR2ISS_Isolator\\RS485Tranceiver.sch'], u'60843FDF': [u'MasterInput', u'C:\\Users\\Soeren\\Google Drive\\Projekte\\AR2ISS_Isolator\\RS422.sch'], u'60797D2F': [u'RS485Tranceiver4', u'C:\\Users\\Soeren\\Google Drive\\Projekte\\AR2ISS_Isolator\\RS485Tranceiver.sch'], u'608DE7E0': [u'IsolatorGroup_B', u'C:\\Users\\Soeren\\Google Drive\\Projekte\\AR2ISS_Isolator\\IsolatorGroup.sch'], u'608751BF': [u'PTT_Main', u'C:\\Users\\Soeren\\Google Drive\\Projekte\\AR2ISS_Isolator\\ISO1500.sch']}
04-19 15:35:07 replicate_layout.replicatelayout 225:getting a list of all footprints on board
04-19 15:35:07 replicate_layout.action_replicate_layout 367:source anchor footprint is u'U5'
Located on:[u'SignalsToSlave', u'IsolatorGroup_A', u'RX']
With filenames:[u'SignalsToSlave.sch', u'IsolatorGroup.sch', u'ISO1500.sch']
With sheet_id:[u'SignalsToSlave', u'IsolatorGroup_A', u'RX']
04-19 15:35:07 replicate_layout.action_replicate_layout 371:Corresponding footprints are 
[(u'U1', [u'SignalsToSlave', u'IsolatorGroup_B', u'RX']), (u'U2', [u'SignalsToSlave', u'IsolatorGroup_B', u'TX']), (u'U3', [u'SignalsToSlave', u'IsolatorGroup_B', u'PTT_Main']), (u'U4', [u'SignalsToSlave', u'IsolatorGroup_B', u'PTT_Sub']), (u'U5', [u'SignalsToSlave', u'IsolatorGroup_A', u'RX']), (u'U6', [u'SignalsToSlave', u'IsolatorGroup_A', u'TX']), (u'U7', [u'SignalsToSlave', u'IsolatorGroup_A', u'PTT_Main']), (u'U8', [u'SignalsToSlave', u'IsolatorGroup_A', u'PTT_Sub'])]
04-19 15:35:07 replicate_layout.action_replicate_layout 384:Showing dialog
04-19 15:35:07 replicate_layout.action_replicate_layout 388:Pcbnew position: wx.Point(0, 0)
04-19 15:35:07 replicate_layout.action_replicate_layout 394:Display 0: wx.Rect(0, 0, 3840, 2160)
04-19 15:35:07 replicate_layout.action_replicate_layout 394:Display 1: wx.Rect(3840, 0, 3840, 2160)
04-19 15:35:07 replicate_layout.action_replicate_layout 398:Toolbar position: wx.Point(3467, 173)
04-19 15:35:07 replicate_layout.action_replicate_layout 405:Dialog position: wx.Point(3154, 173)
04-19 15:35:12 replicate_layout.replicatelayout 249:construcing a list of sheets suitable for replication on level:u'RX', file:u'ISO1500.sch'
04-19 15:35:12 replicate_layout.replicatelayout 256:Source sheet path up to the level:[u'SignalsToSlave', u'IsolatorGroup_A', u'RX']
04-19 15:35:12 replicate_layout.replicatelayout 260:Footprints on the sheets:
[u'U1', u'U2', u'U3', u'U4', u'U5', u'U6', u'U7', u'U8']
04-19 15:35:12 replicate_layout.replicatelayout 263:Footprints raw sheet ids:
[u'/6083EA55/608DE7E0/6077B0D4/6073D069', u'/6083EA55/608DE7E0/6087202B/6073D069', u'/6083EA55/608DE7E0/608751BF/6073D069', u'/6083EA55/608DE7E0/6087803B/6073D069', u'/6083EA55/608421E5/6077B0D4/6073D069', u'/6083EA55/608421E5/6087202B/6073D069', u'/6083EA55/608421E5/608751BF/6073D069', u'/6083EA55/608421E5/6087803B/6073D069']
04-19 15:35:12 replicate_layout.replicatelayout 279:All sheets to replicate:
[[u'SignalsToSlave', u'IsolatorGroup_B', u'RX'], [u'SignalsToSlave', u'IsolatorGroup_B', u'TX'], [u'SignalsToSlave', u'IsolatorGroup_B', u'PTT_Main'], [u'SignalsToSlave', u'IsolatorGroup_B', u'PTT_Sub'], [u'SignalsToSlave', u'IsolatorGroup_A', u'RX'], [u'SignalsToSlave', u'IsolatorGroup_A', u'TX'], [u'SignalsToSlave', u'IsolatorGroup_A', u'PTT_Main'], [u'SignalsToSlave', u'IsolatorGroup_A', u'PTT_Sub']]
04-19 15:35:12 replicate_layout.replicatelayout 284:All sheets to replicate sorted:
[[u'SignalsToSlave', u'IsolatorGroup_A', u'PTT_Main'], [u'SignalsToSlave', u'IsolatorGroup_A', u'PTT_Sub'], [u'SignalsToSlave', u'IsolatorGroup_A', u'RX'], [u'SignalsToSlave', u'IsolatorGroup_A', u'TX'], [u'SignalsToSlave', u'IsolatorGroup_B', u'PTT_Main'], [u'SignalsToSlave', u'IsolatorGroup_B', u'PTT_Sub'], [u'SignalsToSlave', u'IsolatorGroup_B', u'RX'], [u'SignalsToSlave', u'IsolatorGroup_B', u'TX']]
04-19 15:35:12 replicate_layout.replicatelayout 290:All sheets to replicate sorted and without source sheet:
[[u'SignalsToSlave', u'IsolatorGroup_A', u'PTT_Main'], [u'SignalsToSlave', u'IsolatorGroup_A', u'PTT_Sub'], [u'SignalsToSlave', u'IsolatorGroup_A', u'TX'], [u'SignalsToSlave', u'IsolatorGroup_B', u'PTT_Main'], [u'SignalsToSlave', u'IsolatorGroup_B', u'PTT_Sub'], [u'SignalsToSlave', u'IsolatorGroup_B', u'RX'], [u'SignalsToSlave', u'IsolatorGroup_B', u'TX']]
04-19 15:35:14 replicate_layout.replicatelayout 249:construcing a list of sheets suitable for replication on level:u'RX', file:u'ISO1500.sch'
04-19 15:35:14 replicate_layout.replicatelayout 256:Source sheet path up to the level:[u'SignalsToSlave', u'IsolatorGroup_A', u'RX']
04-19 15:35:14 replicate_layout.replicatelayout 260:Footprints on the sheets:
[u'U1', u'U2', u'U3', u'U4', u'U5', u'U6', u'U7', u'U8']
04-19 15:35:14 replicate_layout.replicatelayout 263:Footprints raw sheet ids:
[u'/6083EA55/608DE7E0/6077B0D4/6073D069', u'/6083EA55/608DE7E0/6087202B/6073D069', u'/6083EA55/608DE7E0/608751BF/6073D069', u'/6083EA55/608DE7E0/6087803B/6073D069', u'/6083EA55/608421E5/6077B0D4/6073D069', u'/6083EA55/608421E5/6087202B/6073D069', u'/6083EA55/608421E5/608751BF/6073D069', u'/6083EA55/608421E5/6087803B/6073D069']
04-19 15:35:14 replicate_layout.replicatelayout 279:All sheets to replicate:
[[u'SignalsToSlave', u'IsolatorGroup_B', u'RX'], [u'SignalsToSlave', u'IsolatorGroup_B', u'TX'], [u'SignalsToSlave', u'IsolatorGroup_B', u'PTT_Main'], [u'SignalsToSlave', u'IsolatorGroup_B', u'PTT_Sub'], [u'SignalsToSlave', u'IsolatorGroup_A', u'RX'], [u'SignalsToSlave', u'IsolatorGroup_A', u'TX'], [u'SignalsToSlave', u'IsolatorGroup_A', u'PTT_Main'], [u'SignalsToSlave', u'IsolatorGroup_A', u'PTT_Sub']]
04-19 15:35:14 replicate_layout.replicatelayout 284:All sheets to replicate sorted:
[[u'SignalsToSlave', u'IsolatorGroup_A', u'PTT_Main'], [u'SignalsToSlave', u'IsolatorGroup_A', u'PTT_Sub'], [u'SignalsToSlave', u'IsolatorGroup_A', u'RX'], [u'SignalsToSlave', u'IsolatorGroup_A', u'TX'], [u'SignalsToSlave', u'IsolatorGroup_B', u'PTT_Main'], [u'SignalsToSlave', u'IsolatorGroup_B', u'PTT_Sub'], [u'SignalsToSlave', u'IsolatorGroup_B', u'RX'], [u'SignalsToSlave', u'IsolatorGroup_B', u'TX']]
04-19 15:35:14 replicate_layout.replicatelayout 290:All sheets to replicate sorted and without source sheet:
[[u'SignalsToSlave', u'IsolatorGroup_A', u'PTT_Main'], [u'SignalsToSlave', u'IsolatorGroup_A', u'PTT_Sub'], [u'SignalsToSlave', u'IsolatorGroup_A', u'TX'], [u'SignalsToSlave', u'IsolatorGroup_B', u'PTT_Main'], [u'SignalsToSlave', u'IsolatorGroup_B', u'PTT_Sub'], [u'SignalsToSlave', u'IsolatorGroup_B', u'RX'], [u'SignalsToSlave', u'IsolatorGroup_B', u'TX']]
04-19 15:35:14 replicate_layout.action_replicate_layout 179:Replicating layout
04-19 15:35:14 replicate_layout.replicatelayout 994:Starting replication of sheets: [[u'SignalsToSlave', u'IsolatorGroup_A', u'PTT_Main'], [u'SignalsToSlave', u'IsolatorGroup_A', u'PTT_Sub'], [u'SignalsToSlave', u'IsolatorGroup_A', u'TX'], [u'SignalsToSlave', u'IsolatorGroup_B', u'PTT_Main'], [u'SignalsToSlave', u'IsolatorGroup_B', u'PTT_Sub'], [u'SignalsToSlave', u'IsolatorGroup_B', u'RX'], [u'SignalsToSlave', u'IsolatorGroup_B', u'TX']]
on level: [u'SignalsToSlave', u'IsolatorGroup_A', u'RX']
with tracks=True, zone=True, text=True, containing=True, remove=False, locked=False
04-19 15:35:14 root 261:updating GUI message: 'Preparing for replication'
04-19 15:35:14 root 266:updating GUI with: 0
04-19 15:35:14 replicate_layout.replicatelayout 556:Getting the list of source footprints
04-19 15:35:14 replicate_layout.replicatelayout 560:Getting the list of all the remaining footprints
04-19 15:35:14 replicate_layout.replicatelayout 564:Getting nets local to source footprints
04-19 15:35:14 replicate_layout.replicatelayout 568:Getting source bounding box
04-19 15:35:14 root 266:updating GUI with: 37
04-19 15:35:14 replicate_layout.replicatelayout 572:Getting source tracks
04-19 15:35:14 replicate_layout.replicatelayout 576:Getting source zones
04-19 15:35:14 root 266:updating GUI with: 62
04-19 15:35:14 replicate_layout.replicatelayout 580:Getting source text items
04-19 15:35:14 replicate_layout.replicatelayout 584:Getting source text items
04-19 15:35:14 root 261:updating GUI message: 'Replicating footprints'
04-19 15:35:14 replicate_layout.replicatelayout 590:Replicating footprints
04-19 15:35:14 replicate_layout.replicatelayout 596:Replicating footprints on sheet [u'SignalsToSlave', u'IsolatorGroup_A', u'PTT_Main']
04-19 15:35:14 replicate_layout.replicatelayout 596:Replicating footprints on sheet [u'SignalsToSlave', u'IsolatorGroup_A', u'PTT_Sub']
04-19 15:35:14 root 266:updating GUI with: 23
04-19 15:35:14 replicate_layout.replicatelayout 596:Replicating footprints on sheet [u'SignalsToSlave', u'IsolatorGroup_A', u'TX']
04-19 15:35:14 replicate_layout.replicatelayout 596:Replicating footprints on sheet [u'SignalsToSlave', u'IsolatorGroup_B', u'PTT_Main']
04-19 15:35:14 root 266:updating GUI with: 47
04-19 15:35:14 replicate_layout.replicatelayout 596:Replicating footprints on sheet [u'SignalsToSlave', u'IsolatorGroup_B', u'PTT_Sub']
04-19 15:35:14 root 266:updating GUI with: 71
04-19 15:35:14 replicate_layout.replicatelayout 596:Replicating footprints on sheet [u'SignalsToSlave', u'IsolatorGroup_B', u'RX']
04-19 15:35:14 replicate_layout.replicatelayout 596:Replicating footprints on sheet [u'SignalsToSlave', u'IsolatorGroup_B', u'TX']
04-19 15:35:14 root 261:updating GUI message: 'Replicating tracks'
04-19 15:35:14 root 266:updating GUI with: 0
04-19 15:35:14 replicate_layout.replicatelayout 720:Replicating tracks
04-19 15:35:14 replicate_layout.replicatelayout 726:Replicating tracks on sheet [u'SignalsToSlave', u'IsolatorGroup_A', u'PTT_Main']
04-19 15:35:14 replicate_layout.replicatelayout 726:Replicating tracks on sheet [u'SignalsToSlave', u'IsolatorGroup_A', u'PTT_Sub']
04-19 15:35:14 replicate_layout.replicatelayout 726:Replicating tracks on sheet [u'SignalsToSlave', u'IsolatorGroup_A', u'TX']
04-19 15:35:14 root 266:updating GUI with: 29
04-19 15:35:14 replicate_layout.replicatelayout 726:Replicating tracks on sheet [u'SignalsToSlave', u'IsolatorGroup_B', u'PTT_Main']
04-19 15:35:14 replicate_layout.replicatelayout 726:Replicating tracks on sheet [u'SignalsToSlave', u'IsolatorGroup_B', u'PTT_Sub']
04-19 15:35:14 root 266:updating GUI with: 57
04-19 15:35:14 replicate_layout.replicatelayout 726:Replicating tracks on sheet [u'SignalsToSlave', u'IsolatorGroup_B', u'RX']
04-19 15:35:14 replicate_layout.replicatelayout 726:Replicating tracks on sheet [u'SignalsToSlave', u'IsolatorGroup_B', u'TX']
04-19 15:35:14 root 266:updating GUI with: 86
04-19 15:35:14 root 261:updating GUI message: 'Replicating zones'
04-19 15:35:14 replicate_layout.replicatelayout 771:Replicating zones
04-19 15:35:14 replicate_layout.replicatelayout 778:Replicating zones on sheet [u'SignalsToSlave', u'IsolatorGroup_A', u'PTT_Main']
04-19 15:35:14 replicate_layout.replicatelayout 778:Replicating zones on sheet [u'SignalsToSlave', u'IsolatorGroup_A', u'PTT_Sub']
04-19 15:35:14 replicate_layout.replicatelayout 778:Replicating zones on sheet [u'SignalsToSlave', u'IsolatorGroup_A', u'TX']
04-19 15:35:14 replicate_layout.replicatelayout 778:Replicating zones on sheet [u'SignalsToSlave', u'IsolatorGroup_B', u'PTT_Main']
04-19 15:35:14 root 266:updating GUI with: 57
04-19 15:35:14 replicate_layout.replicatelayout 778:Replicating zones on sheet [u'SignalsToSlave', u'IsolatorGroup_B', u'PTT_Sub']
04-19 15:35:14 replicate_layout.replicatelayout 778:Replicating zones on sheet [u'SignalsToSlave', u'IsolatorGroup_B', u'RX']
04-19 15:35:14 replicate_layout.replicatelayout 778:Replicating zones on sheet [u'SignalsToSlave', u'IsolatorGroup_B', u'TX']
04-19 15:35:14 root 261:updating GUI message: 'Replicating text'
04-19 15:35:14 replicate_layout.replicatelayout 837:Replicating text
04-19 15:35:14 replicate_layout.replicatelayout 844:Replicating text on sheet [u'SignalsToSlave', u'IsolatorGroup_A', u'PTT_Main']
04-19 15:35:14 replicate_layout.replicatelayout 844:Replicating text on sheet [u'SignalsToSlave', u'IsolatorGroup_A', u'PTT_Sub']
04-19 15:35:14 replicate_layout.replicatelayout 844:Replicating text on sheet [u'SignalsToSlave', u'IsolatorGroup_A', u'TX']
04-19 15:35:14 replicate_layout.replicatelayout 844:Replicating text on sheet [u'SignalsToSlave', u'IsolatorGroup_B', u'PTT_Main']
04-19 15:35:14 replicate_layout.replicatelayout 844:Replicating text on sheet [u'SignalsToSlave', u'IsolatorGroup_B', u'PTT_Sub']
04-19 15:35:14 replicate_layout.replicatelayout 844:Replicating text on sheet [u'SignalsToSlave', u'IsolatorGroup_B', u'RX']
04-19 15:35:14 replicate_layout.replicatelayout 844:Replicating text on sheet [u'SignalsToSlave', u'IsolatorGroup_B', u'TX']
04-19 15:35:14 root 261:updating GUI message: 'Replicating drawings'
04-19 15:35:14 replicate_layout.replicatelayout 868:Replicating drawings
04-19 15:35:14 replicate_layout.replicatelayout 874:Replicating drawings on sheet [u'SignalsToSlave', u'IsolatorGroup_A', u'PTT_Main']
04-19 15:35:14 replicate_layout.replicatelayout 874:Replicating drawings on sheet [u'SignalsToSlave', u'IsolatorGroup_A', u'PTT_Sub']
04-19 15:35:14 replicate_layout.replicatelayout 874:Replicating drawings on sheet [u'SignalsToSlave', u'IsolatorGroup_A', u'TX']
04-19 15:35:14 replicate_layout.replicatelayout 874:Replicating drawings on sheet [u'SignalsToSlave', u'IsolatorGroup_B', u'PTT_Main']
04-19 15:35:14 replicate_layout.replicatelayout 874:Replicating drawings on sheet [u'SignalsToSlave', u'IsolatorGroup_B', u'PTT_Sub']
04-19 15:35:14 replicate_layout.replicatelayout 874:Replicating drawings on sheet [u'SignalsToSlave', u'IsolatorGroup_B', u'RX']
04-19 15:35:14 replicate_layout.replicatelayout 874:Replicating drawings on sheet [u'SignalsToSlave', u'IsolatorGroup_B', u'TX']
04-19 15:35:14 replicate_layout.action_replicate_layout 201:Replication complete
